[19:35:27] [main/INFO]: Loading Minecraft 1.21.11 with Fabric Loader 0.18.3
[19:35:27] [main/INFO]: Loading 59 mods:
	- cloth-config 21.11.153
	   \-- cloth-basic-math 0.6.1
	- fabric-api 0.140.0+1.21.11
	   |-- fabric-api-base 1.0.5+4ebb5c083e
	   |-- fabric-api-lookup-api-v1 1.6.113+1fb1cde93e
	   |-- fabric-biome-api-v1 17.1.1+4fc5413f3e
	   |-- fabric-block-api-v1 1.1.10+4ebb5c083e
	   |-- fabric-block-view-api-v2 1.0.39+4ebb5c083e
	   |-- fabric-command-api-v2 2.4.7+6b42a6003e
	   |-- fabric-content-registries-v0 10.2.14+4fc5413f3e
	   |-- fabric-convention-tags-v1 2.1.55+7f945d5b3e
	   |-- fabric-convention-tags-v2 2.17.3+8ef948ba3e
	   |-- fabric-crash-report-info-v1 0.3.23+4ebb5c083e
	   |-- fabric-data-attachment-api-v1 1.8.43+1fb1cde93e
	   |-- fabric-data-generation-api-v1 23.3.0+ae1056283e
	   |-- fabric-dimensions-v1 4.0.28+4fc5413f3e
	   |-- fabric-entity-events-v1 3.0.5+4ebb5c083e
	   |-- fabric-events-interaction-v0 4.0.44+1fb1cde93e
	   |-- fabric-game-rule-api-v1 2.0.3+4fc5413f3e
	   |-- fabric-item-api-v1 11.5.20+d0c46b9e3e
	   |-- fabric-item-group-api-v1 4.2.36+4fc5413f3e
	   |-- fabric-key-binding-api-v1 1.1.7+4fc5413f3e
	   |-- fabric-lifecycle-events-v1 2.6.15+4ebb5c083e
	   |-- fabric-loot-api-v2 3.0.73+3f89f5a53e
	   |-- fabric-loot-api-v3 2.0.20+78c8b4663e
	   |-- fabric-message-api-v1 6.1.12+4ebb5c083e
	   |-- fabric-model-loading-api-v1 6.0.12+4fc5413f3e
	   |-- fabric-networking-api-v1 5.1.5+ae1e07683e
	   |-- fabric-object-builder-api-v1 21.1.38+4fc5413f3e
	   |-- fabric-particles-v1 4.2.11+4fc5413f3e
	   |-- fabric-recipe-api-v1 8.2.3+4ebb5c083e
	   |-- fabric-registry-sync-v0 6.2.4+4ebb5c083e
	   |-- fabric-renderer-api-v1 8.0.0+f4ffd2e53e
	   |-- fabric-renderer-indigo 5.0.0+f4ffd2e53e
	   |-- fabric-rendering-fluids-v1 3.1.43+4ebb5c083e
	   |-- fabric-rendering-v1 16.2.7+f4ffd2e53e
	   |-- fabric-resource-conditions-api-v1 5.0.35+4fc5413f3e
	   |-- fabric-resource-loader-v0 3.3.4+4fc5413f3e
	   |-- fabric-resource-loader-v1 1.0.10+78c8b4663e
	   |-- fabric-screen-api-v1 3.1.7+4ebb5c083e
	   |-- fabric-screen-handler-api-v1 1.3.160+4fc5413f3e
	   |-- fabric-serialization-api-v1 1.0.5+4ebb5c083e
	   |-- fabric-sound-api-v1 1.0.51+4fc5413f3e
	   |-- fabric-tag-api-v1 1.2.20+4fc5413f3e
	   |-- fabric-transfer-api-v1 6.0.24+4fc5413f3e
	   \-- fabric-transitive-access-wideners-v1 7.0.8+0107c3da3e
	- fabricloader 0.18.3
	   \-- mixinextras 0.5.0
	- glitchcore 21.11.0.2
	   |-- com_electronwill_night-config_core 3.6.7
	   |-- com_electronwill_night-config_toml 3.6.7
	   \-- net_jodah_typetools 0.6.3
	- java 25
	- minecraft 1.21.11
	- mru 1.0.25+edge+1.21.10
	- sereneseasons 21.11.0.0
	   |-- com_electronwill_night-config_core 3.6.7
	   |-- com_electronwill_night-config_toml 3.6.7
	   \-- net_jodah_typetools 0.6.3
	- sound_physics_remastered 1.21.11-1.5.1
	- yet_another_config_lib_v3 3.8.1+1.21.11-fabric
	   |-- com_twelvemonkeys_common_common-image 3.12.0
	   |-- com_twelvemonkeys_common_common-io 3.12.0
	   |-- com_twelvemonkeys_common_common-lang 3.12.0
	   |-- com_twelvemonkeys_imageio_imageio-core 3.12.0
	   |-- com_twelvemonkeys_imageio_imageio-metadata 3.12.0
	   |-- com_twelvemonkeys_imageio_imageio-webp 3.12.0
	   |-- org_quiltmc_parsers_gson 0.2.1
	   \-- org_quiltmc_parsers_json 0.2.1
[19:35:27] [main/INFO]: SpongePowered MIXIN Subsystem Version=0.8.7 Source=file:/C:/Users/rafae/Desktop/minecraft-server/libraries/net/fabricmc/sponge-mixin/0.16.5+mixin.0.8.7/sponge-mixin-0.16.5+mixin.0.8.7.jar Service=Knot/Fabric Env=SERVER
[19:35:27] [main/INFO]: Compatibility level set to JAVA_21
[19:35:27] [main/WARN]: Reference map 'glitchcore.refmap.json' for glitchcore.mixins.json could not be read. If this is a development environment you can ignore this message
[19:35:27] [main/WARN]: Reference map 'glitchcore.refmap.json' for glitchcore.fabric.mixins.json could not be read. If this is a development environment you can ignore this message
[19:35:27] [main/WARN]: Reference map 'sereneseasons.refmap.json' for sereneseasons.mixins.json could not be read. If this is a development environment you can ignore this message
[19:35:27] [main/WARN]: Reference map 'sereneseasons.refmap.json' for sereneseasons.fabric.mixins.json could not be read. If this is a development environment you can ignore this message
[19:35:27] [main/WARN]: Reference map 'yet_another_config_lib_v3.refmap.json' for yacl.mixins.json could not be read. If this is a development environment you can ignore this message
[19:35:27] [main/WARN]: Reference map 'yet_another_config_lib_v3.refmap.json' for yacl-fabric.mixins.json could not be read. If this is a development environment you can ignore this message
[19:35:28] [main/WARN]: Error loading class: net/fabricmc/fabric/api/client/rendering/v1/EntityModelLayerRegistry$TexturedModelDataProvider (java.lang.ClassNotFoundException: net/fabricmc/fabric/api/client/rendering/v1/EntityModelLayerRegistry$TexturedModelDataProvider)
[19:35:28] [main/INFO]: Initializing MixinExtras via com.llamalad7.mixinextras.service.MixinExtrasServiceImpl(version=0.5.0).
[19:35:32] [main/INFO]: Registered synced config with path sereneseasons/fertility.toml
[19:35:32] [main/INFO]: Registered synced config with path sereneseasons/seasons.toml
[19:35:32] [main/INFO]: Environment: Environment[sessionHost=https://sessionserver.mojang.com, servicesHost=https://api.minecraftservices.com, profilesHost=https://api.mojang.com, name=PROD]
[19:35:33] [main/INFO]: Found new data pack fabric-convention-tags-v2, loading it automatically
[19:35:33] [main/INFO]: Found new data pack sereneseasons, loading it automatically
[19:35:34] [main/INFO]: Loaded 1472 recipes
[19:35:34] [main/INFO]: Loaded 1586 advancements
[19:35:34] [main/INFO]: Applied 0 biome modifications to 0 of 65 new biomes in 940.1 μs
[19:35:34] [Server thread/INFO]: Starting minecraft server version 1.21.11
[19:35:34] [Server thread/INFO]: Loading properties
[19:35:34] [Server thread/INFO]: Default game type: SURVIVAL
[19:35:34] [Server thread/INFO]: Generating keypair
[19:35:34] [Server thread/INFO]: Starting Minecraft server on *:25565
[19:35:34] [Server thread/INFO]: Preparing level "world"
[19:35:34] [Server thread/INFO]: Loading 0 persistent chunks...
[19:35:34] [Server thread/INFO]: Preparing spawn area: 100%
[19:35:34] [Server thread/INFO]: Time elapsed: 58 ms
[19:35:34] [Server thread/INFO]: Done (0.311s)! For help, type "help"
[19:36:25] [Server thread/INFO]: Stopping the server
[19:36:25] [Server thread/INFO]: Stopping server
[19:36:25] [Server thread/INFO]: Saving players
[19:36:25] [Server thread/INFO]: Saving worlds
[19:36:25] [Server thread/INFO]: Saving chunks for level 'ServerLevel[world]'/minecraft:overworld
[19:36:25] [Server thread/INFO]: Saving chunks for level 'ServerLevel[world]'/minecraft:the_end
[19:36:25] [Server thread/INFO]: Saving chunks for level 'ServerLevel[world]'/minecraft:the_nether
[19:36:25] [Server thread/INFO]: ThreadedAnvilChunkStorage (world): All chunks are saved
[19:36:25] [Server thread/INFO]: ThreadedAnvilChunkStorage (DIM1): All chunks are saved
[19:36:25] [Server thread/INFO]: ThreadedAnvilChunkStorage (DIM-1): All chunks are saved
[19:36:25] [Server thread/INFO]: ThreadedAnvilChunkStorage: All dimensions are saved
